###############################################################################
#                                                                             #
# IAR C/C++ Compiler V8.10.3.10338/W32 for 8051         06/Aug/2016  17:34:33 #
# Copyright 2004-2011 IAR Systems AB.                                         #
#                                                                             #
#    Core               =  plain                                              #
#    Code model         =  banked                                             #
#    Data model         =  large                                              #
#    Calling convention =  xdata reentrant                                    #
#    Constant location  =  data_rom                                           #
#    Dptr setup         =  1,16                                               #
#    Source file        =  C:\Users\zhuyi\Desktop\2016 µçÈü                   #
#                          ¾öÈü\8.6\Components\hal\target\CC2530EB\hal_uart.c #
#    Command line       =  -f "C:\Users\zhuyi\Desktop\2016 µçÈü               #
#                          ¾öÈü\8.6\Projects\zstack\Utilities\SerialApp\CC253 #
#                          0DB\..\..\..\Tools\CC2530DB\f8wEndev.cfg"          #
#                          (-DCPU32MHZ -DROOT=__near_func -DBLINK_LEDS) -f    #
#                          "C:\Users\zhuyi\Desktop\2016 µçÈü                  #
#                          ¾öÈü\8.6\Projects\zstack\Utilities\SerialApp\CC253 #
#                          0DB\..\..\..\Tools\CC2530DB\f8wConfig.cfg"         #
#                          (-DSECURE=0 -DZG_SECURE_DYNAMIC=0 -DREFLECTOR      #
#                          -DDEFAULT_CHANLIST=0x00000800                      #
#                          -DZDAPP_CONFIG_PAN_ID=0xFFF1                       #
#                          -DNWK_START_DELAY=100 -DEXTENDED_JOINING_RANDOM_MA #
#                          SK=0x007F -DBEACON_REQUEST_DELAY=100               #
#                          -DBEACON_REQ_DELAY_MASK=0x00FF                     #
#                          -DROUTE_EXPIRY_TIME=30 -DAPSC_ACK_WAIT_DURATION_PO #
#                          LLED=3000 -DNWK_INDIRECT_MSG_TIMEOUT=7             #
#                          -DMAX_RREQ_ENTRIES=8 -DAPSC_MAX_FRAME_RETRIES=3    #
#                          -DNWK_MAX_DATA_RETRIES=2                           #
#                          -DMAX_POLL_FAILURE_RETRIES=2 -DMAX_BCAST=9         #
#                          -DAPS_MAX_GROUPS=16 -DMAX_RTG_ENTRIES=40           #
#                          -DNWK_MAX_BINDING_ENTRIES=4                        #
#                          -DMAX_BINDING_CLUSTER_IDS=4 "-DDEFAULT_KEY={0x01,  #
#                          0x03, 0x05, 0x07, 0x09, 0x0B, 0x0D, 0x0F, 0x00,    #
#                          0x02, 0x04, 0x06, 0x08, 0x0A, 0x0C, 0x0D}"         #
#                          -DMAC_MAX_FRAME_SIZE=116 "-DCONST=const __code"    #
#                          -DGENERIC=__generic -DRFD_RCVC_ALWAYS_ON=FALSE     #
#                          -DPOLL_RATE=1000 -DQUEUED_POLL_RATE=100            #
#                          -DRESPONSE_POLL_RATE=100) -DREJOIN_POLL_RATE=440   #
#                          "C:\Users\zhuyi\Desktop\2016 µçÈü                  #
#                          ¾öÈü\8.6\Components\hal\target\CC2530EB\hal_uart.c #
#                          " -D ZIGBEEPRO -D NWK_AUTO_POLL -D HAL_UART=TRUE   #
#                          -D SERIAL_APP_PORT=0 -D LCD_SUPPORTED -D           #
#                          xPOWER_SAVING -lC "C:\Users\zhuyi\Desktop\2016     #
#                          µçÈü  ¾öÈü\8.6\Projects\zstack\Utilities\SerialApp #
#                          \CC2530DB\EndDeviceEB-Pro\List\" -lA               #
#                          "C:\Users\zhuyi\Desktop\2016 µçÈü                  #
#                          ¾öÈü\8.6\Projects\zstack\Utilities\SerialApp\CC253 #
#                          0DB\EndDeviceEB-Pro\List\" --diag_suppress         #
#                          Pe001,Pa010 -o "C:\Users\zhuyi\Desktop\2016 µçÈü   #
#                          ¾öÈü\8.6\Projects\zstack\Utilities\SerialApp\CC253 #
#                          0DB\EndDeviceEB-Pro\Obj\" -e --no_unroll           #
#                          --no_inline --no_tbaa --debug --core=plain         #
#                          --dptr=16,1 --data_model=large                     #
#                          --code_model=banked --calling_convention=xdata_ree #
#                          ntrant --place_constants=data_rom                  #
#                          --nr_virtual_regs 8 -I "C:\Users\zhuyi\Desktop\201 #
#                          6 µçÈü  ¾öÈü\8.6\Projects\zstack\Utilities\SerialA #
#                          pp\CC2530DB\" -I "C:\Users\zhuyi\Desktop\2016      #
#                          µçÈü  ¾öÈü\8.6\Projects\zstack\Utilities\SerialApp #
#                          \CC2530DB\..\SOURCE\" -I                           #
#                          "C:\Users\zhuyi\Desktop\2016 µçÈü                  #
#                          ¾öÈü\8.6\Projects\zstack\Utilities\SerialApp\CC253 #
#                          0DB\..\..\..\ZMAIN\TI2530DB\" -I                   #
#                          "C:\Users\zhuyi\Desktop\2016 µçÈü                  #
#                          ¾öÈü\8.6\Projects\zstack\Utilities\SerialApp\CC253 #
#                          0DB\..\..\..\..\..\COMPONENTS\MT\" -I              #
#                          "C:\Users\zhuyi\Desktop\2016 µçÈü                  #
#                          ¾öÈü\8.6\Projects\zstack\Utilities\SerialApp\CC253 #
#                          0DB\..\..\..\..\..\COMPONENTS\HAL\INCLUDE\" -I     #
#                          "C:\Users\zhuyi\Desktop\2016 µçÈü                  #
#                          ¾öÈü\8.6\Projects\zstack\Utilities\SerialApp\CC253 #
#                          0DB\..\..\..\..\..\COMPONENTS\HAL\TARGET\CC2530EB\ #
#                          " -I "C:\Users\zhuyi\Desktop\2016 µçÈü             #
#                          ¾öÈü\8.6\Projects\zstack\Utilities\SerialApp\CC253 #
#                          0DB\..\..\..\..\..\COMPONENTS\OSAL\MCU\CCSOC\" -I  #
#                          "C:\Users\zhuyi\Desktop\2016 µçÈü                  #
#                          ¾öÈü\8.6\Projects\zstack\Utilities\SerialApp\CC253 #
#                          0DB\..\..\..\..\..\COMPONENTS\OSAL\INCLUDE\" -I    #
#                          "C:\Users\zhuyi\Desktop\2016 µçÈü                  #
#                          ¾öÈü\8.6\Projects\zstack\Utilities\SerialApp\CC253 #
#                          0DB\..\..\..\..\..\COMPONENTS\STACK\AF\" -I        #
#                          "C:\Users\zhuyi\Desktop\2016 µçÈü                  #
#                          ¾öÈü\8.6\Projects\zstack\Utilities\SerialApp\CC253 #
#                          0DB\..\..\..\..\..\COMPONENTS\STACK\NWK\" -I       #
#                          "C:\Users\zhuyi\Desktop\2016 µçÈü                  #
#                          ¾öÈü\8.6\Projects\zstack\Utilities\SerialApp\CC253 #
#                          0DB\..\..\..\..\..\COMPONENTS\STACK\SEC\" -I       #
#                          "C:\Users\zhuyi\Desktop\2016 µçÈü                  #
#                          ¾öÈü\8.6\Projects\zstack\Utilities\SerialApp\CC253 #
#                          0DB\..\..\..\..\..\COMPONENTS\STACK\SAPI\" -I      #
#                          "C:\Users\zhuyi\Desktop\2016 µçÈü                  #
#                          ¾öÈü\8.6\Projects\zstack\Utilities\SerialApp\CC253 #
#                          0DB\..\..\..\..\..\COMPONENTS\STACK\SYS\" -I       #
#                          "C:\Users\zhuyi\Desktop\2016 µçÈü                  #
#                          ¾öÈü\8.6\Projects\zstack\Utilities\SerialApp\CC253 #
#                          0DB\..\..\..\..\..\COMPONENTS\STACK\ZDO\" -I       #
#                          "C:\Users\zhuyi\Desktop\2016 µçÈü                  #
#                          ¾öÈü\8.6\Projects\zstack\Utilities\SerialApp\CC253 #
#                          0DB\..\..\..\..\..\COMPONENTS\ZMAC\F8W\" -I        #
#                          "C:\Users\zhuyi\Desktop\2016 µçÈü                  #
#                          ¾öÈü\8.6\Projects\zstack\Utilities\SerialApp\CC253 #
#                          0DB\..\..\..\..\..\COMPONENTS\ZMAC\" -I            #
#                          "C:\Users\zhuyi\Desktop\2016 µçÈü                  #
#                          ¾öÈü\8.6\Projects\zstack\Utilities\SerialApp\CC253 #
#                          0DB\..\..\..\..\..\COMPONENTS\SERVICES\SADDR\" -I  #
#                          "C:\Users\zhuyi\Desktop\2016 µçÈü                  #
#                          ¾öÈü\8.6\Projects\zstack\Utilities\SerialApp\CC253 #
#                          0DB\..\..\..\..\..\COMPONENTS\SERVICES\SDATA\" -I  #
#                          "C:\Users\zhuyi\Desktop\2016 µçÈü                  #
#                          ¾öÈü\8.6\Projects\zstack\Utilities\SerialApp\CC253 #
#                          0DB\..\..\..\..\..\COMPONENTS\MAC\INCLUDE\" -I     #
#                          "C:\Users\zhuyi\Desktop\2016 µçÈü                  #
#                          ¾öÈü\8.6\Projects\zstack\Utilities\SerialApp\CC253 #
#                          0DB\..\..\..\..\..\COMPONENTS\MAC\HIGH_LEVEL\" -I  #
#                          "C:\Users\zhuyi\Desktop\2016 µçÈü                  #
#                          ¾öÈü\8.6\Projects\zstack\Utilities\SerialApp\CC253 #
#                          0DB\..\..\..\..\..\COMPONENTS\MAC\LOW_LEVEL\srf04\ #
#                          " -I "C:\Users\zhuyi\Desktop\2016 µçÈü             #
#                          ¾öÈü\8.6\Projects\zstack\Utilities\SerialApp\CC253 #
#                          0DB\..\..\..\..\..\COMPONENTS\MAC\LOW_LEVEL\srf04\ #
#                          SINGLE_CHIP\" -Om --require_prototypes             #
#    List file          =  C:\Users\zhuyi\Desktop\2016 µçÈü                   #
#                          ¾öÈü\8.6\Projects\zstack\Utilities\SerialApp\CC253 #
#                          0DB\EndDeviceEB-Pro\List\hal_uart.lst              #
#    Object file        =  C:\Users\zhuyi\Desktop\2016 µçÈü                   #
#                          ¾öÈü\8.6\Projects\zstack\Utilities\SerialApp\CC253 #
#                          0DB\EndDeviceEB-Pro\Obj\hal_uart.r51               #
#                                                                             #
#                                                                             #
###############################################################################

C:\Users\zhuyi\Desktop\2016 µçÈü  ¾öÈü\8.6\Components\hal\target\CC2530EB\hal_uart.c
      1          /**************************************************************************************************
      2            Filename:       _hal_uart.c
      3            Revised:        $Date: 2009-03-19 15:13:41 -0700 (Thu, 19 Mar 2009) $
      4            Revision:       $Revision: 19475 $
      5          
      6            Description: This file contains the interface to the H/W UART driver.
      7          
      8          
      9            Copyright 2006-2009 Texas Instruments Incorporated. All rights reserved.
     10          
     11            IMPORTANT: Your use of this Software is limited to those specific rights
     12            granted under the terms of a software license agreement between the user
     13            who downloaded the software, his/her employer (which must be your employer)
     14            and Texas Instruments Incorporated (the "License").  You may not use this
     15            Software unless you agree to abide by the terms of the License. The License
     16            limits your use, and you acknowledge, that the Software may not be modified,
     17            copied or distributed unless embedded on a Texas Instruments microcontroller
     18            or used solely and exclusively in conjunction with a Texas Instruments radio
     19            frequency transceiver, which is integrated into your product.  Other than for
     20            the foregoing purpose, you may not use, reproduce, copy, prepare derivative
     21            works of, modify, distribute, perform, display or sell this Software and/or
     22            its documentation for any purpose.
     23          
     24            YOU FURTHER ACKNOWLEDGE AND AGREE THAT THE SOFTWARE AND DOCUMENTATION ARE
     25            PROVIDED “AS IS” WITHOUT WARRANTY OF ANY KIND, EITHER EXPRESS OR IMPLIED,
     26            INCLUDING WITHOUT LIMITATION, ANY WARRANTY OF MERCHANTABILITY, TITLE,
     27            NON-INFRINGEMENT AND FITNESS FOR A PARTICULAR PURPOSE. IN NO EVENT SHALL
     28            TEXAS INSTRUMENTS OR ITS LICENSORS BE LIABLE OR OBLIGATED UNDER CONTRACT,
     29            NEGLIGENCE, STRICT LIABILITY, CONTRIBUTION, BREACH OF WARRANTY, OR OTHER
     30            LEGAL EQUITABLE THEORY ANY DIRECT OR INDIRECT DAMAGES OR EXPENSES
     31            INCLUDING BUT NOT LIMITED TO ANY INCIDENTAL, SPECIAL, INDIRECT, PUNITIVE
     32            OR CONSEQUENTIAL DAMAGES, LOST PROFITS OR LOST DATA, COST OF PROCUREMENT
     33            OF SUBSTITUTE GOODS, TECHNOLOGY, SERVICES, OR ANY CLAIMS BY THIRD PARTIES
     34            (INCLUDING BUT NOT LIMITED TO ANY DEFENSE THEREOF), OR OTHER SIMILAR COSTS.
     35          
     36            Should you have any questions regarding your right to use this Software,
     37            contact Texas Instruments Incorporated at www.TI.com.
     38          **************************************************************************************************/
     39          
     40          /*********************************************************************
     41           * INCLUDES
     42           */
     43          
     44          #include "hal_board_cfg.h"

   \                                 In  segment SFR_AN, at 0x80
   \   union <unnamed> volatile __sfr _A_P0
   \                     _A_P0:
   \   000000                DS 1

   \                                 In  segment SFR_AN, at 0x86
   \   unsigned char volatile __sfr U0CSR
   \                     U0CSR:
   \   000000                DS 1

   \                                 In  segment SFR_AN, at 0x95
   \   unsigned char volatile __sfr ST0
   \                     ST0:
   \   000000                DS 1

   \                                 In  segment SFR_AN, at 0xa8
   \   union <unnamed> volatile __sfr _A_IEN0
   \                     _A_IEN0:
   \   000000                DS 1

   \                                 In  segment SFR_AN, at 0xc1
   \   unsigned char volatile __sfr U0DBUF
   \                     U0DBUF:
   \   000000                DS 1

   \                                 In  segment SFR_AN, at 0xc2
   \   unsigned char volatile __sfr U0BAUD
   \                     U0BAUD:
   \   000000                DS 1

   \                                 In  segment SFR_AN, at 0xc4
   \   unsigned char volatile __sfr U0UCR
   \                     U0UCR:
   \   000000                DS 1

   \                                 In  segment SFR_AN, at 0xc5
   \   unsigned char volatile __sfr U0GCR
   \                     U0GCR:
   \   000000                DS 1

   \                                 In  segment SFR_AN, at 0xd1
   \   unsigned char volatile __sfr DMAIRQ
   \                     DMAIRQ:
   \   000000                DS 1

   \                                 In  segment SFR_AN, at 0xd6
   \   unsigned char volatile __sfr DMAARM
   \                     DMAARM:
   \   000000                DS 1

   \                                 In  segment SFR_AN, at 0xd7
   \   unsigned char volatile __sfr DMAREQ
   \                     DMAREQ:
   \   000000                DS 1

   \                                 In  segment SFR_AN, at 0xf1
   \   unsigned char volatile __sfr PERCFG
   \                     PERCFG:
   \   000000                DS 1

   \                                 In  segment SFR_AN, at 0xf2
   \   unsigned char volatile __sfr ADCCFG
   \                     ADCCFG:
   \   000000                DS 1

   \                                 In  segment SFR_AN, at 0xf3
   \   unsigned char volatile __sfr P0SEL
   \                     P0SEL:
   \   000000                DS 1

   \                                 In  segment SFR_AN, at 0xfd
   \   unsigned char volatile __sfr P0DIR
   \                     P0DIR:
   \   000000                DS 1

   \                                 In  segment SFR_AN, at 0xff
   \   unsigned char volatile __sfr P2DIR
   \                     P2DIR:
   \   000000                DS 1
     45          #include "hal_defs.h"
     46          #include "hal_types.h"
     47          #include "hal_uart.h"
     48          
     49          /*********************************************************************
     50           * MACROS
     51           */
     52          
     53          /*********************************************************************
     54           * TYPEDEFS
     55           */
     56          
     57          /*********************************************************************
     58           * CONSTANTS
     59           */
     60          
     61          /*********************************************************************
     62           * GLOBAL VARIABLES
     63           */
     64          
     65          /*********************************************************************
     66           * GLOBAL FUNCTIONS
     67           */
     68          
     69          /*********************************************************************
     70           * LOCAL VARIABLES
     71           */
     72          
     73          /*********************************************************************
     74           * LOCAL FUNCTIONS
     75           */
     76          
     77          #if HAL_UART_DMA
     78          #include "_hal_uart_dma.c"

   \                                 In  segment XDATA_Z, align 1, keep-with-next
   \   static uartDMACfg_t dmaCfg
   \                     dmaCfg:
   \   000000                DS 526
   \   00020E                REQUIRE __INIT_XDATA_Z

   \                                 In  segment BANKED_CODE, align 1, keep-with-next
   \   static __banked_func __xdata_reentrant uint16 findTail(void)
   \                     findTail:
   \   000000   C082         PUSH    DPL
   \   000002   C083         PUSH    DPH
   \   000004                ; Saved register size: 2
   \   000004                ; Auto size: 0
   \   000004   90....       MOV     DPTR,#dmaCfg + 256
   \   000007   E0           MOVX    A,@DPTR
   \   000008   FC           MOV     R4,A
   \   000009   FA           MOV     R2,A
   \   00000A   7B00         MOV     R3,#0x0
   \                     ??findTail_0:
   \   00000C   EA           MOV     A,R2
   \   00000D   F8           MOV     R0,A
   \   00000E   EB           MOV     A,R3
   \   00000F   F9           MOV     R1,A
   \   000010   E8           MOV     A,R0
   \   000011   C3           CLR     C
   \   000012   33           RLC     A
   \   000013   F8           MOV     R0,A
   \   000014   E9           MOV     A,R1
   \   000015   33           RLC     A
   \   000016   F9           MOV     R1,A
   \   000017   74..         MOV     A,#dmaCfg & 0xff
   \   000019   28           ADD     A,R0
   \   00001A   F582         MOV     DPL,A
   \   00001C   74..         MOV     A,#(dmaCfg >> 8) & 0xff
   \   00001E   39           ADDC    A,R1
   \   00001F   F583         MOV     DPH,A
   \   000021   A3           INC     DPTR
   \   000022   E0           MOVX    A,@DPTR
   \   000023   65C2         XRL     A,0xc2
   \   000025   701C         JNZ     ??findTail_1
   \   000027   EA           MOV     A,R2
   \   000028   2401         ADD     A,#0x1
   \   00002A   0A           INC     R2
   \   00002B   EB           MOV     A,R3
   \   00002C   3400         ADDC    A,#0x0
   \   00002E   FB           MOV     R3,A
   \   00002F   C3           CLR     C
   \   000030   EA           MOV     A,R2
   \   000031   9480         SUBB    A,#-0x80
   \   000033   EB           MOV     A,R3
   \   000034   9400         SUBB    A,#0x0
   \   000036   4004         JC      ??findTail_2
   \   000038   7A00         MOV     R2,#0x0
   \   00003A   7B00         MOV     R3,#0x0
   \                     ??findTail_2:
   \   00003C   EC           MOV     A,R4
   \   00003D   6A           XRL     A,R2
   \   00003E   7001         JNZ     ??findTail_3
   \   000040   EB           MOV     A,R3
   \                     ??findTail_3:
   \   000041   70C9         JNZ     ??findTail_0
   \                     ??findTail_1:
   \   000043   D083         POP     DPH
   \   000045   D082         POP     DPL
   \   000047   02....       LJMP    ?BRET
   \   00004A                REQUIRE U0BAUD

   \                                 In  segment BANKED_CODE, align 1, keep-with-next
   \   static __banked_func __xdata_reentrant void HalUARTInitDMA(void)
   \                     HalUARTInitDMA:
   \   000000   C082         PUSH    DPL
   \   000002   C083         PUSH    DPH
   \   000004                ; Saved register size: 2
   \   000004                ; Auto size: 0
   \   000004   53FF3F       ANL     0xff,#0x3f
   \   000007   85FFFF       MOV     0xff,0xff
   \   00000A   53F1FE       ANL     0xf1,#0xfe
   \   00000D   43F30C       ORL     0xf3,#0xc
   \   000010   53F2F3       ANL     0xf2,#0xf3
   \   000013   758680       MOV     0x86,#-0x80
   \   000016   75C480       MOV     0xc4,#-0x80
   \   000019   90....       MOV     DPTR,#dmaCh1234 + 26
   \   00001C   7470         MOV     A,#0x70
   \   00001E   F0           MOVX    @DPTR,A
   \   00001F   A3           INC     DPTR
   \   000020   74C1         MOV     A,#-0x3f
   \   000022   F0           MOVX    @DPTR,A
   \   000023   A3           INC     DPTR
   \   000024   E0           MOVX    A,@DPTR
   \   000025   541F         ANL     A,#0x1f
   \   000027   F0           MOVX    @DPTR,A
   \   000028   90....       MOV     DPTR,#dmaCh1234 + 30
   \   00002B   740F         MOV     A,#0xf
   \   00002D   F0           MOVX    @DPTR,A
   \   00002E   A3           INC     DPTR
   \   00002F   744A         MOV     A,#0x4a
   \   000031   F0           MOVX    @DPTR,A
   \   000032   90....       MOV     DPTR,#dmaCh1234 + 16
   \   000035   7470         MOV     A,#0x70
   \   000037   F0           MOVX    @DPTR,A
   \   000038   A3           INC     DPTR
   \   000039   74C1         MOV     A,#-0x3f
   \   00003B   F0           MOVX    @DPTR,A
   \   00003C   90....       MOV     DPTR,#dmaCh1234 + 20
   \   00003F   E0           MOVX    A,@DPTR
   \   000040   541F         ANL     A,#0x1f
   \   000042   F0           MOVX    @DPTR,A
   \   000043   90....       MOV     DPTR,#dmaCh1234 + 22
   \   000046   74CE         MOV     A,#-0x32
   \   000048   F0           MOVX    @DPTR,A
   \   000049   A3           INC     DPTR
   \   00004A   E0           MOVX    A,@DPTR
   \   00004B   540F         ANL     A,#0xf
   \   00004D   4410         ORL     A,#0x10
   \   00004F   F0           MOVX    @DPTR,A

    HAL_DMA_SET_DEST( ch, dmaCfg.rxBuf );
    ^
"C:\Users\zhuyi\Desktop\2016 µçÈü  ¾öÈü\8.6\Components\hal\target\CC2530EB\_hal_uart_dma.c",375  Warning[Pe069]: 
          integer conversion resulted in truncation
   \   000050   74..         MOV     A,#(dmaCfg >> 8) & 0xff
   \   000052   90....       MOV     DPTR,#dmaCh1234 + 18
   \   000055   F0           MOVX    @DPTR,A
   \   000056   A3           INC     DPTR
   \   000057   74..         MOV     A,#dmaCfg & 0xff
   \   000059   F0           MOVX    @DPTR,A
   \   00005A   90....       MOV     DPTR,#dmaCh1234 + 21
   \   00005D   7480         MOV     A,#-0x80
   \   00005F   F0           MOVX    @DPTR,A
   \   000060   90....       MOV     DPTR,#dmaCh1234 + 20
   \   000063   E4           CLR     A
   \   000064   F0           MOVX    @DPTR,A
   \   000065   90....       MOV     DPTR,#dmaCh1234 + 23
   \   000068   7412         MOV     A,#0x12
   \   00006A   F0           MOVX    @DPTR,A
   \   00006B   D083         POP     DPH
   \   00006D   D082         POP     DPL
   \   00006F   02....       LJMP    ?BRET
   \   000072                REQUIRE P2DIR
   \   000072                REQUIRE PERCFG
   \   000072                REQUIRE P0SEL
   \   000072                REQUIRE ADCCFG
   \   000072                REQUIRE U0CSR
   \   000072                REQUIRE U0UCR

   \                                 In  segment BANKED_CODE, align 1, keep-with-next
   \   static __banked_func __xdata_reentrant void HalUARTOpenDMA(halUARTCfg_t *)
   \                     HalUARTOpenDMA:
   \   000000   C082         PUSH    DPL
   \   000002   C083         PUSH    DPH
   \   000004                ; Saved register size: 2
   \   000004                ; Auto size: 0
   \   000004   EA           MOV     A,R2
   \   000005   241B         ADD     A,#0x1b
   \   000007   F582         MOV     DPL,A
   \   000009   EB           MOV     A,R3
   \   00000A   3400         ADDC    A,#0x0
   \   00000C   F583         MOV     DPH,A
   \   00000E   E0           MOVX    A,@DPTR
   \   00000F   F8           MOV     R0,A
   \   000010   A3           INC     DPTR
   \   000011   E0           MOVX    A,@DPTR
   \   000012   F9           MOV     R1,A
   \   000013   90....       MOV     DPTR,#dmaCfg + 524
   \   000016   E8           MOV     A,R0
   \   000017   F0           MOVX    @DPTR,A
   \   000018   A3           INC     DPTR
   \   000019   E9           MOV     A,R1
   \   00001A   F0           MOVX    @DPTR,A
   \   00001B   8A82         MOV     DPL,R2
   \   00001D   8B83         MOV     DPH,R3
   \   00001F   A3           INC     DPTR
   \   000020   E0           MOVX    A,@DPTR
   \   000021   6403         XRL     A,#0x3
   \   000023   6005         JZ      ??HalUARTOpenDMA_0
   \   000025   E0           MOVX    A,@DPTR
   \   000026   6404         XRL     A,#0x4
   \   000028   7005         JNZ     ??HalUARTOpenDMA_1
   \                     ??HalUARTOpenDMA_0:
   \   00002A   75C2D8       MOV     0xc2,#-0x28
   \   00002D   8003         SJMP    ??HalUARTOpenDMA_2
   \                     ??HalUARTOpenDMA_1:
   \   00002F   75C23B       MOV     0xc2,#0x3b
   \                     ??HalUARTOpenDMA_2:
   \   000032   E0           MOVX    A,@DPTR
   \   000033   600B         JZ      ??HalUARTOpenDMA_3
   \   000035   14           DEC     A
   \   000036   6012         JZ      ??HalUARTOpenDMA_4
   \   000038   14           DEC     A
   \   000039   6019         JZ      ??HalUARTOpenDMA_5
   \   00003B   14           DEC     A
   \   00003C   6020         JZ      ??HalUARTOpenDMA_6
   \   00003E   8028         SJMP    ??HalUARTOpenDMA_7
   \                     ??HalUARTOpenDMA_3:
   \   000040   75C508       MOV     0xc5,#0x8
   \   000043   90....       MOV     DPTR,#dmaCfg + 520
   \   000046   7423         MOV     A,#0x23
   \   000048   8026         SJMP    ??HalUARTOpenDMA_8
   \                     ??HalUARTOpenDMA_4:
   \   00004A   75C509       MOV     0xc5,#0x9
   \   00004D   90....       MOV     DPTR,#dmaCfg + 520
   \   000050   7412         MOV     A,#0x12
   \   000052   801C         SJMP    ??HalUARTOpenDMA_8
   \                     ??HalUARTOpenDMA_5:
   \   000054   75C50A       MOV     0xc5,#0xa
   \   000057   90....       MOV     DPTR,#dmaCfg + 520
   \   00005A   7409         MOV     A,#0x9
   \   00005C   8012         SJMP    ??HalUARTOpenDMA_8
   \                     ??HalUARTOpenDMA_6:
   \   00005E   75C50A       MOV     0xc5,#0xa
   \   000061   90....       MOV     DPTR,#dmaCfg + 520
   \   000064   7406         MOV     A,#0x6
   \   000066   8008         SJMP    ??HalUARTOpenDMA_8
   \                     ??HalUARTOpenDMA_7:
   \   000068   75C50B       MOV     0xc5,#0xb
   \   00006B   90....       MOV     DPTR,#dmaCfg + 520
   \   00006E   7403         MOV     A,#0x3
   \                     ??HalUARTOpenDMA_8:
   \   000070   F0           MOVX    @DPTR,A
   \   000071   8A82         MOV     DPL,R2
   \   000073   8B83         MOV     DPH,R3
   \   000075   A3           INC     DPTR
   \   000076   A3           INC     DPTR
   \   000077   E0           MOVX    A,@DPTR
   \   000078   600D         JZ      ??HalUARTOpenDMA_9
   \   00007A   75C442       MOV     0xc4,#0x42
   \   00007D   43F310       ORL     0xf3,#0x10
   \   000080   C285         CLR     0x80.5
   \   000082   43FD20       ORL     0xfd,#0x20
   \   000085   8003         SJMP    ??HalUARTOpenDMA_10
   \                     ??HalUARTOpenDMA_9:
   \   000087   75C402       MOV     0xc4,#0x2
   \                     ??HalUARTOpenDMA_10:
   \   00008A   9070C1       MOV     DPTR,#0x70c1
   \   00008D   E0           MOVX    A,@DPTR
   \   00008E   90....       MOV     DPTR,#dmaCfg
   \   000091   F0           MOVX    @DPTR,A
   \   000092   A3           INC     DPTR
   \   000093   E4           CLR     A
   \   000094   F0           MOVX    @DPTR,A
   \   000095   53D1F7       ANL     0xd1,#0xf7
   \   000098   75D608       MOV     0xd6,#0x8
   \   00009B                ; Setup parameters for call to function osal_memset
   \   00009B   FC           MOV     R4,A
   \   00009C   7D01         MOV     R5,#0x1
   \   00009E   E5C2         MOV     A,0xc2
   \   0000A0   F4           CPL     A
   \   0000A1   F9           MOV     R1,A
   \   0000A2   7A..         MOV     R2,#dmaCfg & 0xff
   \   0000A4   7B..         MOV     R3,#(dmaCfg >> 8) & 0xff
   \   0000A6   12....       LCALL   ??osal_memset?relay
   \   0000A9   438640       ORL     0x86,#0x40
   \   0000AC   75C100       MOV     0xc1,#0x0
   \   0000AF   90....       MOV     DPTR,#dmaCfg + 523
   \   0000B2   E4           CLR     A
   \   0000B3   F0           MOVX    @DPTR,A
   \   0000B4   90....       MOV     DPTR,#dmaCfg + 522
   \   0000B7   F0           MOVX    @DPTR,A
   \   0000B8   D083         POP     DPH
   \   0000BA   D082         POP     DPL
   \   0000BC   02....       LJMP    ?BRET
   \   0000BF                REQUIRE U0BAUD
   \   0000BF                REQUIRE U0GCR
   \   0000BF                REQUIRE U0UCR
   \   0000BF                REQUIRE P0SEL
   \   0000BF                REQUIRE _A_P0
   \   0000BF                REQUIRE P0DIR
   \   0000BF                REQUIRE DMAIRQ
   \   0000BF                REQUIRE DMAARM
   \   0000BF                REQUIRE U0CSR
   \   0000BF                REQUIRE U0DBUF

   \                                 In  segment BANKED_CODE, align 1, keep-with-next
   \   static __banked_func __xdata_reentrant uint16 HalUARTReadDMA(unsigned char *, uint16)
   \                     HalUARTReadDMA:
   \   000000   74F6         MOV     A,#-0xa
   \   000002   12....       LCALL   ?BANKED_ENTER_XDATA
   \   000005                ; Saved register size: 10
   \   000005                ; Auto size: 0
   \   000005   7800         MOV     R0,#0x0
   \   000007   7900         MOV     R1,#0x0
   \   000009   8041         SJMP    ??HalUARTReadDMA_0
   \                     ??HalUARTReadDMA_1:
   \   00000B   8A82         MOV     DPL,R2
   \   00000D   8B83         MOV     DPH,R3
   \   00000F   E5..         MOV     A,?V0 + 0
   \   000011   F0           MOVX    @DPTR,A
   \   000012   A3           INC     DPTR
   \   000013   AA82         MOV     R2,DPL
   \   000015   AB83         MOV     R3,DPH
   \   000017   E5C2         MOV     A,0xc2
   \   000019   F4           CPL     A
   \   00001A   F5..         MOV     ?V0 + 1,A
   \   00001C   90....       MOV     DPTR,#dmaCfg + 256
   \   00001F   E0           MOVX    A,@DPTR
   \   000020   C3           CLR     C
   \   000021   33           RLC     A
   \   000022   FE           MOV     R6,A
   \   000023   E4           CLR     A
   \   000024   33           RLC     A
   \   000025   FF           MOV     R7,A
   \   000026   74..         MOV     A,#dmaCfg & 0xff
   \   000028   2E           ADD     A,R6
   \   000029   F582         MOV     DPL,A
   \   00002B   74..         MOV     A,#(dmaCfg >> 8) & 0xff
   \   00002D   3F           ADDC    A,R7
   \   00002E   F583         MOV     DPH,A
   \   000030   E4           CLR     A
   \   000031   F0           MOVX    @DPTR,A
   \   000032   A3           INC     DPTR
   \   000033   E5..         MOV     A,?V0 + 1
   \   000035   F0           MOVX    @DPTR,A
   \   000036   90....       MOV     DPTR,#dmaCfg + 256
   \   000039   E0           MOVX    A,@DPTR
   \   00003A   04           INC     A
   \   00003B   F0           MOVX    @DPTR,A
   \   00003C   E0           MOVX    A,@DPTR
   \   00003D   C3           CLR     C
   \   00003E   9480         SUBB    A,#-0x80
   \   000040   4002         JC      ??HalUARTReadDMA_2
   \   000042   E4           CLR     A
   \   000043   F0           MOVX    @DPTR,A
   \                     ??HalUARTReadDMA_2:
   \   000044   E8           MOV     A,R0
   \   000045   2401         ADD     A,#0x1
   \   000047   08           INC     R0
   \   000048   E9           MOV     A,R1
   \   000049   3400         ADDC    A,#0x0
   \   00004B   F9           MOV     R1,A
   \                     ??HalUARTReadDMA_0:
   \   00004C   C3           CLR     C
   \   00004D   E8           MOV     A,R0
   \   00004E   9C           SUBB    A,R4
   \   00004F   E9           MOV     A,R1
   \   000050   9D           SUBB    A,R5
   \   000051   501D         JNC     ??HalUARTReadDMA_3
   \   000053   90....       MOV     DPTR,#dmaCfg + 256
   \   000056   E0           MOVX    A,@DPTR
   \   000057   C3           CLR     C
   \   000058   33           RLC     A
   \   000059   FE           MOV     R6,A
   \   00005A   E4           CLR     A
   \   00005B   33           RLC     A
   \   00005C   FF           MOV     R7,A
   \   00005D   74..         MOV     A,#dmaCfg & 0xff
   \   00005F   2E           ADD     A,R6
   \   000060   F582         MOV     DPL,A
   \   000062   74..         MOV     A,#(dmaCfg >> 8) & 0xff
   \   000064   3F           ADDC    A,R7
   \   000065   F583         MOV     DPH,A
   \   000067   E0           MOVX    A,@DPTR
   \   000068   F5..         MOV     ?V0 + 0,A
   \   00006A   A3           INC     DPTR
   \   00006B   E0           MOVX    A,@DPTR
   \   00006C   65C2         XRL     A,0xc2
   \   00006E   609B         JZ      ??HalUARTReadDMA_1
   \                     ??HalUARTReadDMA_3:
   \   000070   C285         CLR     0x80.5
   \   000072   E8           MOV     A,R0
   \   000073   FA           MOV     R2,A
   \   000074   E9           MOV     A,R1
   \   000075   FB           MOV     R3,A
   \   000076   7F02         MOV     R7,#0x2
   \   000078   02....       LJMP    ?BANKED_LEAVE_XDATA
   \   00007B                REQUIRE U0BAUD
   \   00007B                REQUIRE _A_P0

   \                                 In  segment BANKED_CODE, align 1, keep-with-next
   \   static __banked_func __xdata_reentrant uint16 HalUARTWriteDMA(unsigned char *, uint16)
   \                     HalUARTWriteDMA:
   \   000000   74F0         MOV     A,#-0x10
   \   000002   12....       LCALL   ?BANKED_ENTER_XDATA
   \   000005                ; Saved register size: 16
   \   000005                ; Auto size: 0
   \   000005   8A..         MOV     ?V0 + 6,R2
   \   000007   8B..         MOV     ?V0 + 7,R3
   \   000009   8C..         MOV     ?V0 + 4,R4
   \   00000B   8D..         MOV     ?V0 + 5,R5
   \   00000D   90....       MOV     DPTR,#dmaCfg + 518
   \   000010   E0           MOVX    A,@DPTR
   \   000011   F8           MOV     R0,A
   \   000012   74..         MOV     A,#(dmaCfg + 4) & 0xff
   \   000014   28           ADD     A,R0
   \   000015   F582         MOV     DPL,A
   \   000017   74..         MOV     A,#((dmaCfg + 516) >> 8) & 0xff
   \   000019   3400         ADDC    A,#0x0
   \   00001B   F583         MOV     DPH,A
   \   00001D   E0           MOVX    A,@DPTR
   \   00001E   F8           MOV     R0,A
   \   00001F   EC           MOV     A,R4
   \   000020   28           ADD     A,R0
   \   000021   F8           MOV     R0,A
   \   000022   ED           MOV     A,R5
   \   000023   3400         ADDC    A,#0x0
   \   000025   F9           MOV     R1,A
   \   000026   C3           CLR     C
   \   000027   E8           MOV     A,R0
   \   000028   9481         SUBB    A,#-0x7f
   \   00002A   E9           MOV     A,R1
   \   00002B   9400         SUBB    A,#0x0
   \   00002D   4007         JC      ??HalUARTWriteDMA_0
   \   00002F   7A00         MOV     R2,#0x0
   \   000031   7B00         MOV     R3,#0x0
   \   000033   02....       LJMP    ??HalUARTWriteDMA_1 & 0xFFFF
   \                     ??HalUARTWriteDMA_0:
   \   000036   A2AF         MOV     C,0xa8.7
   \   000038   E4           CLR     A
   \   000039   33           RLC     A
   \   00003A   FF           MOV     R7,A
   \   00003B   C2AF         CLR     0xa8.7
   \   00003D   90....       MOV     DPTR,#dmaCfg + 518
   \   000040   E0           MOVX    A,@DPTR
   \   000041   FE           MOV     R6,A
   \   000042   8E82         MOV     DPL,R6
   \   000044   AC82         MOV     R4,DPL
   \   000046   7D00         MOV     R5,#0x0
   \   000048   74..         MOV     A,#(dmaCfg + 4) & 0xff
   \   00004A   2C           ADD     A,R4
   \   00004B   F582         MOV     DPL,A
   \   00004D   74..         MOV     A,#((dmaCfg + 516) >> 8) & 0xff
   \   00004F   3400         ADDC    A,#0x0
   \   000051   F583         MOV     DPH,A
   \   000053   E0           MOVX    A,@DPTR
   \   000054   F9           MOV     R1,A
   \   000055   EF           MOV     A,R7
   \   000056   A2E0         MOV     C,0xE0 /* A   */.0
   \   000058   92AF         MOV     0xa8.7,C
   \   00005A   7A00         MOV     R2,#0x0
   \   00005C   7B00         MOV     R3,#0x0
   \   00005E   803E         SJMP    ??HalUARTWriteDMA_2
   \                     ??HalUARTWriteDMA_3:
   \   000060   E5..         MOV     A,?V0 + 6
   \   000062   2A           ADD     A,R2
   \   000063   F582         MOV     DPL,A
   \   000065   E5..         MOV     A,?V0 + 7
   \   000067   3B           ADDC    A,R3
   \   000068   F583         MOV     DPH,A
   \   00006A   E0           MOVX    A,@DPTR
   \   00006B   C0E0         PUSH    A
   \   00006D   8C..         MOV     ?V0 + 0,R4
   \   00006F   8D..         MOV     ?V0 + 1,R5
   \   000071   7407         MOV     A,#0x7
   \   000073   78..         MOV     R0,#?V0 + 0
   \   000075   12....       LCALL   ?S_SHL
   \   000078   89..         MOV     ?V0 + 2,R1
   \   00007A   74..         MOV     A,#(dmaCfg + 4) & 0xff
   \   00007C   25..         ADD     A,?V0 + 2
   \   00007E   F5..         MOV     ?V0 + 2,A
   \   000080   74..         MOV     A,#((dmaCfg + 260) >> 8) & 0xff
   \   000082   3400         ADDC    A,#0x0
   \   000084   F5..         MOV     ?V0 + 3,A
   \   000086   E5..         MOV     A,?V0 + 2
   \   000088   25..         ADD     A,?V0 + 0
   \   00008A   F582         MOV     DPL,A
   \   00008C   E5..         MOV     A,?V0 + 3
   \   00008E   35..         ADDC    A,?V0 + 1
   \   000090   F583         MOV     DPH,A
   \   000092   D0E0         POP     A
   \   000094   F0           MOVX    @DPTR,A
   \   000095   09           INC     R1
   \   000096   EA           MOV     A,R2
   \   000097   2401         ADD     A,#0x1
   \   000099   0A           INC     R2
   \   00009A   EB           MOV     A,R3
   \   00009B   3400         ADDC    A,#0x0
   \   00009D   FB           MOV     R3,A
   \                     ??HalUARTWriteDMA_2:
   \   00009E   C3           CLR     C
   \   00009F   EA           MOV     A,R2
   \   0000A0   95..         SUBB    A,?V0 + 4
   \   0000A2   EB           MOV     A,R3
   \   0000A3   95..         SUBB    A,?V0 + 5
   \   0000A5   40B9         JC      ??HalUARTWriteDMA_3
   \   0000A7   A2AF         MOV     C,0xa8.7
   \   0000A9   E4           CLR     A
   \   0000AA   33           RLC     A
   \   0000AB   FF           MOV     R7,A
   \   0000AC   C2AF         CLR     0xa8.7
   \   0000AE   90....       MOV     DPTR,#dmaCfg + 518
   \   0000B1   E0           MOVX    A,@DPTR
   \   0000B2   6E           XRL     A,R6
   \   0000B3   606C         JZ      ??HalUARTWriteDMA_4
   \   0000B5   EF           MOV     A,R7
   \   0000B6   A2E0         MOV     C,0xE0 /* A   */.0
   \   0000B8   92AF         MOV     0xa8.7,C
   \   0000BA   E0           MOVX    A,@DPTR
   \   0000BB   FE           MOV     R6,A
   \   0000BC   8E82         MOV     DPL,R6
   \   0000BE   AC82         MOV     R4,DPL
   \   0000C0   74..         MOV     A,#(dmaCfg + 4) & 0xff
   \   0000C2   2C           ADD     A,R4
   \   0000C3   F582         MOV     DPL,A
   \   0000C5   74..         MOV     A,#((dmaCfg + 516) >> 8) & 0xff
   \   0000C7   3400         ADDC    A,#0x0
   \   0000C9   F583         MOV     DPH,A
   \   0000CB   E0           MOVX    A,@DPTR
   \   0000CC   F9           MOV     R1,A
   \   0000CD   7A00         MOV     R2,#0x0
   \   0000CF   7B00         MOV     R3,#0x0
   \   0000D1   803E         SJMP    ??HalUARTWriteDMA_5
   \                     ??HalUARTWriteDMA_6:
   \   0000D3   E5..         MOV     A,?V0 + 6
   \   0000D5   2A           ADD     A,R2
   \   0000D6   F582         MOV     DPL,A
   \   0000D8   E5..         MOV     A,?V0 + 7
   \   0000DA   3B           ADDC    A,R3
   \   0000DB   F583         MOV     DPH,A
   \   0000DD   E0           MOVX    A,@DPTR
   \   0000DE   C0E0         PUSH    A
   \   0000E0   8C..         MOV     ?V0 + 0,R4
   \   0000E2   8D..         MOV     ?V0 + 1,R5
   \   0000E4   7407         MOV     A,#0x7
   \   0000E6   78..         MOV     R0,#?V0 + 0
   \   0000E8   12....       LCALL   ?S_SHL
   \   0000EB   89..         MOV     ?V0 + 2,R1
   \   0000ED   74..         MOV     A,#(dmaCfg + 4) & 0xff
   \   0000EF   25..         ADD     A,?V0 + 2
   \   0000F1   F5..         MOV     ?V0 + 2,A
   \   0000F3   74..         MOV     A,#((dmaCfg + 260) >> 8) & 0xff
   \   0000F5   3400         ADDC    A,#0x0
   \   0000F7   F5..         MOV     ?V0 + 3,A
   \   0000F9   E5..         MOV     A,?V0 + 2
   \   0000FB   25..         ADD     A,?V0 + 0
   \   0000FD   F582         MOV     DPL,A
   \   0000FF   E5..         MOV     A,?V0 + 3
   \   000101   35..         ADDC    A,?V0 + 1
   \   000103   F583         MOV     DPH,A
   \   000105   D0E0         POP     A
   \   000107   F0           MOVX    @DPTR,A
   \   000108   09           INC     R1
   \   000109   EA           MOV     A,R2
   \   00010A   2401         ADD     A,#0x1
   \   00010C   0A           INC     R2
   \   00010D   EB           MOV     A,R3
   \   00010E   3400         ADDC    A,#0x0
   \   000110   FB           MOV     R3,A
   \                     ??HalUARTWriteDMA_5:
   \   000111   C3           CLR     C
   \   000112   EA           MOV     A,R2
   \   000113   95..         SUBB    A,?V0 + 4
   \   000115   EB           MOV     A,R3
   \   000116   95..         SUBB    A,?V0 + 5
   \   000118   40B9         JC      ??HalUARTWriteDMA_6
   \   00011A   A2AF         MOV     C,0xa8.7
   \   00011C   E4           CLR     A
   \   00011D   33           RLC     A
   \   00011E   FF           MOV     R7,A
   \   00011F   C2AF         CLR     0xa8.7
   \                     ??HalUARTWriteDMA_4:
   \   000121   8E82         MOV     DPL,R6
   \   000123   AC82         MOV     R4,DPL
   \   000125   E9           MOV     A,R1
   \   000126   C0E0         PUSH    A
   \   000128   74..         MOV     A,#(dmaCfg + 4) & 0xff
   \   00012A   2C           ADD     A,R4
   \   00012B   F582         MOV     DPL,A
   \   00012D   74..         MOV     A,#((dmaCfg + 516) >> 8) & 0xff
   \   00012F   3400         ADDC    A,#0x0
   \   000131   F583         MOV     DPH,A
   \   000133   D0E0         POP     A
   \   000135   F0           MOVX    @DPTR,A
   \   000136   EC           MOV     A,R4
   \   000137   6401         XRL     A,#0x1
   \   000139   F8           MOV     R0,A
   \   00013A   74..         MOV     A,#(dmaCfg + 4) & 0xff
   \   00013C   28           ADD     A,R0
   \   00013D   F582         MOV     DPL,A
   \   00013F   74..         MOV     A,#((dmaCfg + 516) >> 8) & 0xff
   \   000141   3400         ADDC    A,#0x0
   \   000143   F583         MOV     DPH,A
   \   000145   E0           MOVX    A,@DPTR
   \   000146   7006         JNZ     ??HalUARTWriteDMA_7
   \   000148   90....       MOV     DPTR,#dmaCfg + 523
   \   00014B   7401         MOV     A,#0x1
   \   00014D   F0           MOVX    @DPTR,A
   \                     ??HalUARTWriteDMA_7:
   \   00014E   EF           MOV     A,R7
   \   00014F   A2E0         MOV     C,0xE0 /* A   */.0
   \   000151   92AF         MOV     0xa8.7,C
   \                     ??HalUARTWriteDMA_1:
   \   000153   7F08         MOV     R7,#0x8
   \   000155   02....       LJMP    ?BANKED_LEAVE_XDATA
   \   000158                REQUIRE _A_IEN0

   \                                 In  segment BANKED_CODE, align 1, keep-with-next
   \   static __banked_func __xdata_reentrant void HalUARTPollDMA(void)
   \                     HalUARTPollDMA:
   \   000000   74F6         MOV     A,#-0xa
   \   000002   12....       LCALL   ?BANKED_ENTER_XDATA
   \   000005                ; Saved register size: 10
   \   000005                ; Auto size: 0
   \   000005   7800         MOV     R0,#0x0
   \   000007   7900         MOV     R1,#0x0
   \   000009   7E00         MOV     R6,#0x0
   \   00000B   90....       MOV     DPTR,#dmaCfg + 256
   \   00000E   E0           MOVX    A,@DPTR
   \   00000F   C3           CLR     C
   \   000010   33           RLC     A
   \   000011   FA           MOV     R2,A
   \   000012   E4           CLR     A
   \   000013   33           RLC     A
   \   000014   FB           MOV     R3,A
   \   000015   74..         MOV     A,#dmaCfg & 0xff
   \   000017   2A           ADD     A,R2
   \   000018   F582         MOV     DPL,A
   \   00001A   74..         MOV     A,#(dmaCfg >> 8) & 0xff
   \   00001C   3B           ADDC    A,R3
   \   00001D   F583         MOV     DPH,A
   \   00001F   A3           INC     DPTR
   \   000020   E0           MOVX    A,@DPTR
   \   000021   65C2         XRL     A,0xc2
   \   000023   7050         JNZ     ??HalUARTPollDMA_0
   \   000025                ; Setup parameters for call to function findTail
   \   000025   12....       LCALL   ??findTail?relay
   \   000028   8A..         MOV     ?V0 + 0,R2
   \   00002A   A8..         MOV     R0,?V0 + 0
   \   00002C   90....       MOV     DPTR,#dmaCfg + 257
   \   00002F   E0           MOVX    A,@DPTR
   \   000030   FA           MOV     R2,A
   \   000031   E8           MOV     A,R0
   \   000032   6A           XRL     A,R2
   \   000033   7001         JNZ     ??HalUARTPollDMA_1
   \   000035   EB           MOV     A,R3
   \                     ??HalUARTPollDMA_1:
   \   000036   6011         JZ      ??HalUARTPollDMA_2
   \   000038   E8           MOV     A,R0
   \   000039   F0           MOVX    @DPTR,A
   \   00003A   A3           INC     DPTR
   \   00003B   E0           MOVX    A,@DPTR
   \   00003C   7004         JNZ     ??HalUARTPollDMA_3
   \   00003E   E595         MOV     A,0x95
   \   000040   A3           INC     DPTR
   \   000041   F0           MOVX    @DPTR,A
   \                     ??HalUARTPollDMA_3:
   \   000042   90....       MOV     DPTR,#dmaCfg + 258
   \   000045   74C6         MOV     A,#-0x3a
   \   000047   801E         SJMP    ??HalUARTPollDMA_4
   \                     ??HalUARTPollDMA_2:
   \   000049   A3           INC     DPTR
   \   00004A   E0           MOVX    A,@DPTR
   \   00004B   F9           MOV     R1,A
   \   00004C   601A         JZ      ??HalUARTPollDMA_5
   \   00004E   A3           INC     DPTR
   \   00004F   E0           MOVX    A,@DPTR
   \   000050   F8           MOV     R0,A
   \   000051   E595         MOV     A,0x95
   \   000053   C3           CLR     C
   \   000054   98           SUBB    A,R0
   \   000055   F8           MOV     R0,A
   \   000056   C3           CLR     C
   \   000057   99           SUBB    A,R1
   \   000058   90....       MOV     DPTR,#dmaCfg + 258
   \   00005B   5009         JNC     ??HalUARTPollDMA_6
   \   00005D   E0           MOVX    A,@DPTR
   \   00005E   C3           CLR     C
   \   00005F   98           SUBB    A,R0
   \   000060   F0           MOVX    @DPTR,A
   \   000061   E595         MOV     A,0x95
   \   000063   A3           INC     DPTR
   \   000064   8001         SJMP    ??HalUARTPollDMA_4
   \                     ??HalUARTPollDMA_6:
   \   000066   E4           CLR     A
   \                     ??HalUARTPollDMA_4:
   \   000067   F0           MOVX    @DPTR,A
   \                     ??HalUARTPollDMA_5:
   \   000068                ; Setup parameters for call to function HalUARTRxAvailDMA
   \   000068   12....       LCALL   ??HalUARTRxAvailDMA?relay
   \   00006B   8A..         MOV     ?V0 + 0,R2
   \   00006D   8B..         MOV     ?V0 + 1,R3
   \   00006F   A8..         MOV     R0,?V0 + 0
   \   000071   A9..         MOV     R1,?V0 + 1
   \   000073   8005         SJMP    ??HalUARTPollDMA_7
   \                     ??HalUARTPollDMA_0:
   \   000075   90....       MOV     DPTR,#dmaCfg + 258
   \   000078   E4           CLR     A
   \   000079   F0           MOVX    @DPTR,A
   \                     ??HalUARTPollDMA_7:
   \   00007A   C3           CLR     C
   \   00007B   E8           MOV     A,R0
   \   00007C   9470         SUBB    A,#0x70
   \   00007E   E9           MOV     A,R1
   \   00007F   9400         SUBB    A,#0x0
   \   000081   4003         JC      ??HalUARTPollDMA_8
   \   000083   0E           INC     R6
   \   000084   801B         SJMP    ??HalUARTPollDMA_9
   \                     ??HalUARTPollDMA_8:
   \   000086   C3           CLR     C
   \   000087   E8           MOV     A,R0
   \   000088   9430         SUBB    A,#0x30
   \   00008A   E9           MOV     A,R1
   \   00008B   9400         SUBB    A,#0x0
   \   00008D   4006         JC      ??HalUARTPollDMA_10
   \   00008F   0E           INC     R6
   \   000090   0E           INC     R6
   \   000091   D285         SETB    0x80.5
   \   000093   800C         SJMP    ??HalUARTPollDMA_9
   \                     ??HalUARTPollDMA_10:
   \   000095   E8           MOV     A,R0
   \   000096   49           ORL     A,R1
   \   000097   6008         JZ      ??HalUARTPollDMA_9
   \   000099   90....       MOV     DPTR,#dmaCfg + 258
   \   00009C   E0           MOVX    A,@DPTR
   \   00009D   7002         JNZ     ??HalUARTPollDMA_9
   \   00009F   7E04         MOV     R6,#0x4
   \                     ??HalUARTPollDMA_9:
   \   0000A1   90....       MOV     DPTR,#dmaCfg + 519
   \   0000A4   E0           MOVX    A,@DPTR
   \   0000A5   6006         JZ      ??HalUARTPollDMA_11
   \   0000A7   E4           CLR     A
   \   0000A8   F0           MOVX    @DPTR,A
   \   0000A9   EE           MOV     A,R6
   \   0000AA   D2E4         SETB    0xE0 /* A   */.4
   \   0000AC   FE           MOV     R6,A
   \                     ??HalUARTPollDMA_11:
   \   0000AD   90....       MOV     DPTR,#dmaCfg + 522
   \   0000B0   E0           MOVX    A,@DPTR
   \   0000B1   6018         JZ      ??HalUARTPollDMA_12
   \   0000B3   E595         MOV     A,0x95
   \   0000B5   F8           MOV     R0,A
   \   0000B6   90....       MOV     DPTR,#dmaCfg + 521
   \   0000B9   E0           MOVX    A,@DPTR
   \   0000BA   C8           XCH     A,R0
   \   0000BB   C3           CLR     C
   \   0000BC   98           SUBB    A,R0
   \   0000BD   F8           MOV     R0,A
   \   0000BE   90....       MOV     DPTR,#dmaCfg + 520
   \   0000C1   E0           MOVX    A,@DPTR
   \   0000C2   C3           CLR     C
   \   0000C3   98           SUBB    A,R0
   \   0000C4   5005         JNC     ??HalUARTPollDMA_12
   \   0000C6   90....       MOV     DPTR,#dmaCfg + 522
   \   0000C9   E4           CLR     A
   \   0000CA   F0           MOVX    @DPTR,A
   \                     ??HalUARTPollDMA_12:
   \   0000CB   90....       MOV     DPTR,#dmaCfg + 523
   \   0000CE   E0           MOVX    A,@DPTR
   \   0000CF   607D         JZ      ??HalUARTPollDMA_13
   \   0000D1   90....       MOV     DPTR,#dmaCfg + 522
   \   0000D4   E0           MOVX    A,@DPTR
   \   0000D5   7077         JNZ     ??HalUARTPollDMA_13
   \   0000D7   A3           INC     DPTR
   \   0000D8   E4           CLR     A
   \   0000D9   F0           MOVX    @DPTR,A
   \   0000DA   90....       MOV     DPTR,#dmaCfg + 518
   \   0000DD   E0           MOVX    A,@DPTR
   \   0000DE   F5..         MOV     ?V0 + 0,A
   \   0000E0   75..00       MOV     ?V0 + 1,#0x0
   \   0000E3   7407         MOV     A,#0x7
   \   0000E5   78..         MOV     R0,#?V0 + 0
   \   0000E7   12....       LCALL   ?S_SHL
   \   0000EA   74..         MOV     A,#(dmaCfg + 4) & 0xff
   \   0000EC   25..         ADD     A,?V0 + 0
   \   0000EE   74..         MOV     A,#((dmaCfg + 260) >> 8) & 0xff
   \   0000F0   35..         ADDC    A,?V0 + 1
   \   0000F2   90....       MOV     DPTR,#dmaCh1234 + 24
   \   0000F5   F0           MOVX    @DPTR,A
   \   0000F6   90....       MOV     DPTR,#dmaCfg + 518
   \   0000F9   E0           MOVX    A,@DPTR
   \   0000FA   F5..         MOV     ?V0 + 0,A
   \   0000FC   75..00       MOV     ?V0 + 1,#0x0
   \   0000FF   7407         MOV     A,#0x7
   \   000101   78..         MOV     R0,#?V0 + 0
   \   000103   12....       LCALL   ?S_SHL
   \   000106   74..         MOV     A,#(dmaCfg + 4) & 0xff
   \   000108   25..         ADD     A,?V0 + 0
   \   00010A   90....       MOV     DPTR,#dmaCh1234 + 25
   \   00010D   F0           MOVX    @DPTR,A
   \   00010E   90....       MOV     DPTR,#dmaCfg + 518
   \   000111   E0           MOVX    A,@DPTR
   \   000112   F8           MOV     R0,A
   \   000113   74..         MOV     A,#(dmaCfg + 4) & 0xff
   \   000115   28           ADD     A,R0
   \   000116   F582         MOV     DPL,A
   \   000118   74..         MOV     A,#((dmaCfg + 516) >> 8) & 0xff
   \   00011A   3400         ADDC    A,#0x0
   \   00011C   F583         MOV     DPH,A
   \   00011E   E0           MOVX    A,@DPTR
   \   00011F   90....       MOV     DPTR,#dmaCh1234 + 29
   \   000122   F0           MOVX    @DPTR,A
   \   000123   90....       MOV     DPTR,#dmaCh1234 + 28
   \   000126   E0           MOVX    A,@DPTR
   \   000127   54E0         ANL     A,#0xe0
   \   000129   F0           MOVX    @DPTR,A
   \   00012A   90....       MOV     DPTR,#dmaCfg + 518
   \   00012D   E0           MOVX    A,@DPTR
   \   00012E   E0           MOVX    A,@DPTR
   \   00012F   6401         XRL     A,#0x1
   \   000131   F0           MOVX    @DPTR,A
   \   000132   A2AF         MOV     C,0xa8.7
   \   000134   E4           CLR     A
   \   000135   33           RLC     A
   \   000136   F8           MOV     R0,A
   \   000137   C2AF         CLR     0xa8.7
   \   000139   75D610       MOV     0xd6,#0x10
   \                     ??HalUARTPollDMA_14:
   \   00013C   00           NOP
   \   00013D   E5D6         MOV     A,0xd6
   \   00013F   A2E4         MOV     C,0xE0 /* A   */.4
   \   000141   50F9         JNC     ??HalUARTPollDMA_14
   \   000143   53D1EF       ANL     0xd1,#0xef
   \   000146   75D710       MOV     0xd7,#0x10
   \   000149   E8           MOV     A,R0
   \   00014A   A2E0         MOV     C,0xE0 /* A   */.0
   \   00014C   92AF         MOV     0xa8.7,C
   \                     ??HalUARTPollDMA_13:
   \   00014E   EE           MOV     A,R6
   \   00014F   6019         JZ      ??HalUARTPollDMA_15
   \   000151   90....       MOV     DPTR,#dmaCfg + 524
   \   000154   E0           MOVX    A,@DPTR
   \   000155   F8           MOV     R0,A
   \   000156   A3           INC     DPTR
   \   000157   E0           MOVX    A,@DPTR
   \   000158   F9           MOV     R1,A
   \   000159   8882         MOV     DPL,R0
   \   00015B   8983         MOV     DPH,R1
   \   00015D   E582         MOV     A,DPL
   \   00015F   4583         ORL     A,DPH
   \   000161   6007         JZ      ??HalUARTPollDMA_15
   \   000163                ; Setup parameters for indirect call
   \   000163   EE           MOV     A,R6
   \   000164   FA           MOV     R2,A
   \   000165   7900         MOV     R1,#0x0
   \   000167   12....       LCALL   ?CALL_IND
   \                     ??HalUARTPollDMA_15:
   \   00016A   7F02         MOV     R7,#0x2
   \   00016C   02....       LJMP    ?BANKED_LEAVE_XDATA
   \   00016F                REQUIRE U0BAUD
   \   00016F                REQUIRE ST0
   \   00016F                REQUIRE _A_P0
   \   00016F                REQUIRE _A_IEN0
   \   00016F                REQUIRE DMAARM
   \   00016F                REQUIRE DMAIRQ
   \   00016F                REQUIRE DMAREQ

   \                                 In  segment BANKED_CODE, align 1, keep-with-next
   \   static __banked_func __xdata_reentrant uint16 HalUARTRxAvailDMA(void)
   \                     HalUARTRxAvailDMA:
   \   000000   C082         PUSH    DPL
   \   000002   C083         PUSH    DPH
   \   000004                ; Saved register size: 2
   \   000004                ; Auto size: 0
   \   000004   7A00         MOV     R2,#0x0
   \   000006   7B00         MOV     R3,#0x0
   \   000008   90....       MOV     DPTR,#dmaCfg + 256
   \   00000B   E0           MOVX    A,@DPTR
   \   00000C   C3           CLR     C
   \   00000D   33           RLC     A
   \   00000E   F8           MOV     R0,A
   \   00000F   E4           CLR     A
   \   000010   33           RLC     A
   \   000011   F9           MOV     R1,A
   \   000012   74..         MOV     A,#dmaCfg & 0xff
   \   000014   28           ADD     A,R0
   \   000015   F582         MOV     DPL,A
   \   000017   74..         MOV     A,#(dmaCfg >> 8) & 0xff
   \   000019   39           ADDC    A,R1
   \   00001A   F583         MOV     DPH,A
   \   00001C   A3           INC     DPTR
   \   00001D   E0           MOVX    A,@DPTR
   \   00001E   65C2         XRL     A,0xc2
   \   000020   703A         JNZ     ??HalUARTRxAvailDMA_0
   \   000022   7800         MOV     R0,#0x0
   \   000024   7900         MOV     R1,#0x0
   \   000026   802B         SJMP    ??HalUARTRxAvailDMA_1
   \                     ??HalUARTRxAvailDMA_2:
   \   000028   E8           MOV     A,R0
   \   000029   FC           MOV     R4,A
   \   00002A   E9           MOV     A,R1
   \   00002B   FD           MOV     R5,A
   \   00002C   EC           MOV     A,R4
   \   00002D   C3           CLR     C
   \   00002E   33           RLC     A
   \   00002F   FC           MOV     R4,A
   \   000030   ED           MOV     A,R5
   \   000031   33           RLC     A
   \   000032   FD           MOV     R5,A
   \   000033   74..         MOV     A,#dmaCfg & 0xff
   \   000035   2C           ADD     A,R4
   \   000036   F582         MOV     DPL,A
   \   000038   74..         MOV     A,#(dmaCfg >> 8) & 0xff
   \   00003A   3D           ADDC    A,R5
   \   00003B   F583         MOV     DPH,A
   \   00003D   A3           INC     DPTR
   \   00003E   E0           MOVX    A,@DPTR
   \   00003F   65C2         XRL     A,0xc2
   \   000041   7008         JNZ     ??HalUARTRxAvailDMA_3
   \   000043   EA           MOV     A,R2
   \   000044   2401         ADD     A,#0x1
   \   000046   0A           INC     R2
   \   000047   EB           MOV     A,R3
   \   000048   3400         ADDC    A,#0x0
   \   00004A   FB           MOV     R3,A
   \                     ??HalUARTRxAvailDMA_3:
   \   00004B   E8           MOV     A,R0
   \   00004C   2401         ADD     A,#0x1
   \   00004E   08           INC     R0
   \   00004F   E9           MOV     A,R1
   \   000050   3400         ADDC    A,#0x0
   \   000052   F9           MOV     R1,A
   \                     ??HalUARTRxAvailDMA_1:
   \   000053   C3           CLR     C
   \   000054   E8           MOV     A,R0
   \   000055   9480         SUBB    A,#-0x80
   \   000057   E9           MOV     A,R1
   \   000058   9400         SUBB    A,#0x0
   \   00005A   40CC         JC      ??HalUARTRxAvailDMA_2
   \                     ??HalUARTRxAvailDMA_0:
   \   00005C   D083         POP     DPH
   \   00005E   D082         POP     DPL
   \   000060   02....       LJMP    ?BRET
   \   000063                REQUIRE U0BAUD

   \                                 In  segment BANKED_CODE, align 1, keep-with-next
   \   static __banked_func __xdata_reentrant void HalUARTSuspendDMA(void)
   \                     HalUARTSuspendDMA:
   \   000000                ; Saved register size: 0
   \   000000                ; Auto size: 0
   \   000000   5386BF       ANL     0x86,#0xbf
   \   000003   02....       LJMP    ?BRET
   \   000006                REQUIRE U0CSR

   \                                 In  segment BANKED_CODE, align 1, keep-with-next
   \   static __banked_func __xdata_reentrant void HalUARTResumeDMA(void)
   \                     HalUARTResumeDMA:
   \   000000                ; Saved register size: 0
   \   000000                ; Auto size: 0
   \   000000   43C480       ORL     0xc4,#0x80
   \   000003   438640       ORL     0x86,#0x40
   \   000006   02....       LJMP    ?BRET
   \   000009                REQUIRE U0UCR
   \   000009                REQUIRE U0CSR

   \                                 In  segment BANKED_CODE, align 1, keep-with-next
   \   __banked_func __xdata_reentrant void HalUARTIsrDMA(void)
   \                     HalUARTIsrDMA:
   \   000000   C082         PUSH    DPL
   \   000002   C083         PUSH    DPH
   \   000004                ; Saved register size: 2
   \   000004                ; Auto size: 0
   \   000004   53D1EF       ANL     0xd1,#0xef
   \   000007   90....       MOV     DPTR,#dmaCfg + 518
   \   00000A   E0           MOVX    A,@DPTR
   \   00000B   6401         XRL     A,#0x1
   \   00000D   F8           MOV     R0,A
   \   00000E   74..         MOV     A,#(dmaCfg + 4) & 0xff
   \   000010   28           ADD     A,R0
   \   000011   F582         MOV     DPL,A
   \   000013   74..         MOV     A,#((dmaCfg + 516) >> 8) & 0xff
   \   000015   3400         ADDC    A,#0x0
   \   000017   F583         MOV     DPH,A
   \   000019   E4           CLR     A
   \   00001A   F0           MOVX    @DPTR,A
   \   00001B   90....       MOV     DPTR,#dmaCfg + 519
   \   00001E   04           INC     A
   \   00001F   F0           MOVX    @DPTR,A
   \   000020   E595         MOV     A,0x95
   \   000022   90....       MOV     DPTR,#dmaCfg + 521
   \   000025   F0           MOVX    @DPTR,A
   \   000026   A3           INC     DPTR
   \   000027   7401         MOV     A,#0x1
   \   000029   F0           MOVX    @DPTR,A
   \   00002A   90....       MOV     DPTR,#dmaCfg + 518
   \   00002D   E0           MOVX    A,@DPTR
   \   00002E   F8           MOV     R0,A
   \   00002F   74..         MOV     A,#(dmaCfg + 4) & 0xff
   \   000031   28           ADD     A,R0
   \   000032   F582         MOV     DPL,A
   \   000034   74..         MOV     A,#((dmaCfg + 516) >> 8) & 0xff
   \   000036   3400         ADDC    A,#0x0
   \   000038   F583         MOV     DPH,A
   \   00003A   E0           MOVX    A,@DPTR
   \   00003B   6006         JZ      ??HalUARTIsrDMA_0
   \   00003D   90....       MOV     DPTR,#dmaCfg + 523
   \   000040   7401         MOV     A,#0x1
   \   000042   F0           MOVX    @DPTR,A
   \                     ??HalUARTIsrDMA_0:
   \   000043   D083         POP     DPH
   \   000045   D082         POP     DPL
   \   000047   02....       LJMP    ?BRET
   \   00004A                REQUIRE DMAIRQ
   \   00004A                REQUIRE ST0
     79          #endif
     80          #if HAL_UART_ISR
     81          #include "_hal_uart_isr.c"
     82          #endif
     83          
     84          /******************************************************************************
     85           * @fn      HalUARTInit
     86           *
     87           * @brief   Initialize the UART
     88           *
     89           * @param   none
     90           *
     91           * @return  none
     92           *****************************************************************************/

   \                                 In  segment BANKED_CODE, align 1, keep-with-next
     93          void HalUARTInit(void)
   \                     HalUARTInit:
     94          {
   \   000000   C082         PUSH    DPL
   \   000002   C083         PUSH    DPH
   \   000004                ; Saved register size: 2
   \   000004                ; Auto size: 0
     95          #if HAL_UART_DMA
     96            HalUARTInitDMA();
   \   000004                ; Setup parameters for call to function HalUARTInitDMA
   \   000004   12....       LCALL   ??HalUARTInitDMA?relay
     97          #endif
     98          #if HAL_UART_ISR
     99            HalUARTInitISR();
    100          #endif
    101          }
   \   000007   D083         POP     DPH
   \   000009   D082         POP     DPL
   \   00000B   02....       LJMP    ?BRET
    102          
    103          /******************************************************************************
    104           * @fn      HalUARTOpen
    105           *
    106           * @brief   Open a port according tp the configuration specified by parameter.
    107           *
    108           * @param   port   - UART port
    109           *          config - contains configuration information
    110           *
    111           * @return  Status of the function call
    112           *****************************************************************************/

   \                                 In  segment BANKED_CODE, align 1, keep-with-next
    113          uint8 HalUARTOpen(uint8 port, halUARTCfg_t *config)
   \                     HalUARTOpen:
    114          {
   \   000000   74F7         MOV     A,#-0x9
   \   000002   12....       LCALL   ?BANKED_ENTER_XDATA
   \   000005                ; Saved register size: 9
   \   000005                ; Auto size: 0
   \   000005   E9           MOV     A,R1
    115          #if (HAL_UART_DMA == 1)
    116            if (port == HAL_UART_PORT_0)  HalUARTOpenDMA(config);
   \   000006   7003         JNZ     ??HalUARTOpen_0
   \   000008                ; Setup parameters for call to function HalUARTOpenDMA
   \   000008   12....       LCALL   ??HalUARTOpenDMA?relay
    117          #endif
    118          #if (HAL_UART_DMA == 2)
    119            if (port == HAL_UART_PORT_1)  HalUARTOpenDMA(config);
    120          #endif
    121          #if (HAL_UART_ISR == 1)
    122            if (port == HAL_UART_PORT_0)  HalUARTOpenISR(config);
    123          #endif
    124          #if (HAL_UART_ISR == 2)
    125            if (port == HAL_UART_PORT_1)  HalUARTOpenISR(config);
    126          #endif
    127            
    128          #if (HAL_UART_DMA == 0) && (HAL_UART_ISR == 0)
    129            // UART is not enabled. Do nothing.
    130            (void) port;   // unused argument
    131            (void) config; // unused argument
    132          #endif
    133            
    134            return HAL_UART_SUCCESS;
   \                     ??HalUARTOpen_0:
   \   00000B   7900         MOV     R1,#0x0
   \   00000D   7F01         MOV     R7,#0x1
   \   00000F   02....       LJMP    ?BANKED_LEAVE_XDATA
    135          }
    136          
    137          /*****************************************************************************
    138           * @fn      HalUARTRead
    139           *
    140           * @brief   Read a buffer from the UART
    141           *
    142           * @param   port - USART module designation
    143           *          buf  - valid data buffer at least 'len' bytes in size
    144           *          len  - max length number of bytes to copy to 'buf'
    145           *
    146           * @return  length of buffer that was read
    147           *****************************************************************************/

   \                                 In  segment BANKED_CODE, align 1, keep-with-next
    148          uint16 HalUARTRead(uint8 port, uint8 *buf, uint16 len)
   \                     HalUARTRead:
    149          {
   \   000000   74F7         MOV     A,#-0x9
   \   000002   12....       LCALL   ?BANKED_ENTER_XDATA
   \   000005                ; Saved register size: 9
   \   000005                ; Auto size: 0
   \   000005   E9           MOV     A,R1
    150          #if (HAL_UART_DMA == 1)
    151            if (port == HAL_UART_PORT_0)  return HalUARTReadDMA(buf, len);
   \   000006   7005         JNZ     ??HalUARTRead_0
   \   000008                ; Setup parameters for call to function HalUARTReadDMA
   \   000008   12....       LCALL   ??HalUARTReadDMA?relay
   \   00000B   8004         SJMP    ??HalUARTRead_1
    152          #endif
    153          #if (HAL_UART_DMA == 2)
    154            if (port == HAL_UART_PORT_1)  return HalUARTReadDMA(buf, len);
    155          #endif
    156          #if (HAL_UART_ISR == 1)
    157            if (port == HAL_UART_PORT_0)  return HalUARTReadISR(buf, len);
    158          #endif
    159          #if (HAL_UART_ISR == 2)
    160            if (port == HAL_UART_PORT_1)  return HalUARTReadISR(buf, len);
    161          #endif
    162          
    163          #if (HAL_UART_DMA == 0) && (HAL_UART_ISR == 0)
    164            // UART is not enabled. Do nothing.
    165            // Unused arguments
    166            (void) port;
    167            (void) buf;
    168            (void) len;
    169          #endif
    170            return 0;
   \                     ??HalUARTRead_0:
   \   00000D   7A00         MOV     R2,#0x0
   \   00000F   7B00         MOV     R3,#0x0
   \                     ??HalUARTRead_1:
   \   000011   7F01         MOV     R7,#0x1
   \   000013   02....       LJMP    ?BANKED_LEAVE_XDATA
    171          }
    172          
    173          /******************************************************************************
    174           * @fn      HalUARTWrite
    175           *
    176           * @brief   Write a buffer to the UART.
    177           *
    178           * @param   port - UART port
    179           *          buf  - pointer to the buffer that will be written, not freed
    180           *          len  - length of
    181           *
    182           * @return  length of the buffer that was sent
    183           *****************************************************************************/

   \                                 In  segment BANKED_CODE, align 1, keep-with-next
    184          uint16 HalUARTWrite(uint8 port, uint8 *buf, uint16 len)
   \                     HalUARTWrite:
    185          {
   \   000000   74F7         MOV     A,#-0x9
   \   000002   12....       LCALL   ?BANKED_ENTER_XDATA
   \   000005                ; Saved register size: 9
   \   000005                ; Auto size: 0
   \   000005   E9           MOV     A,R1
    186          #if (HAL_UART_DMA == 1)
    187            if (port == HAL_UART_PORT_0)  return HalUARTWriteDMA(buf, len);
   \   000006   7005         JNZ     ??HalUARTWrite_0
   \   000008                ; Setup parameters for call to function HalUARTWriteDMA
   \   000008   12....       LCALL   ??HalUARTWriteDMA?relay
   \   00000B   8004         SJMP    ??HalUARTWrite_1
    188          #endif
    189          #if (HAL_UART_DMA == 2)
    190            if (port == HAL_UART_PORT_1)  return HalUARTWriteDMA(buf, len);
    191          #endif
    192          #if (HAL_UART_ISR == 1)
    193            if (port == HAL_UART_PORT_0)  return HalUARTWriteISR(buf, len);
    194          #endif
    195          #if (HAL_UART_ISR == 2)
    196            if (port == HAL_UART_PORT_1)  return HalUARTWriteISR(buf, len);
    197          #endif
    198          
    199          #if (HAL_UART_DMA == 0) && (HAL_UART_ISR == 0)
    200            // UART is not enabled. Do nothing.
    201            // Unused arguments
    202            (void) port;
    203            (void) buf;
    204            (void) len;
    205          #endif
    206            return 0;
   \                     ??HalUARTWrite_0:
   \   00000D   7A00         MOV     R2,#0x0
   \   00000F   7B00         MOV     R3,#0x0
   \                     ??HalUARTWrite_1:
   \   000011   7F01         MOV     R7,#0x1
   \   000013   02....       LJMP    ?BANKED_LEAVE_XDATA
    207          }
    208          
    209          /******************************************************************************
    210           * @fn      HalUARTSuspend
    211           *
    212           * @brief   Suspend UART hardware before entering PM mode 1, 2 or 3.
    213           *
    214           * @param   None
    215           *
    216           * @return  None
    217           *****************************************************************************/

   \                                 In  segment BANKED_CODE, align 1, keep-with-next
    218          void HalUARTSuspend( void )
   \                     HalUARTSuspend:
    219          {
   \   000000   C082         PUSH    DPL
   \   000002   C083         PUSH    DPH
   \   000004                ; Saved register size: 2
   \   000004                ; Auto size: 0
    220          #if HAL_UART_DMA
    221            HalUARTSuspendDMA();
   \   000004                ; Setup parameters for call to function HalUARTSuspendDMA
   \   000004   12....       LCALL   ??HalUARTSuspendDMA?relay
    222          #endif
    223          #if HAL_UART_ISR
    224            HalUARTSuspendISR();
    225          #endif
    226          }
   \   000007   D083         POP     DPH
   \   000009   D082         POP     DPL
   \   00000B   02....       LJMP    ?BRET
    227          
    228          /******************************************************************************
    229           * @fn      HalUARTResume
    230           *
    231           * @brief   Resume UART hardware after exiting PM mode 1, 2 or 3.
    232           *
    233           * @param   None
    234           *
    235           * @return  None
    236           *****************************************************************************/

   \                                 In  segment BANKED_CODE, align 1, keep-with-next
    237          void HalUARTResume( void )
   \                     HalUARTResume:
    238          {
   \   000000   C082         PUSH    DPL
   \   000002   C083         PUSH    DPH
   \   000004                ; Saved register size: 2
   \   000004                ; Auto size: 0
    239          #if HAL_UART_DMA
    240            HalUARTResumeDMA();
   \   000004                ; Setup parameters for call to function HalUARTResumeDMA
   \   000004   12....       LCALL   ??HalUARTResumeDMA?relay
    241          #endif
    242          #if HAL_UART_ISR
    243            HalUARTResumeISR();
    244          #endif
    245          }
   \   000007   D083         POP     DPH
   \   000009   D082         POP     DPL
   \   00000B   02....       LJMP    ?BRET
    246          
    247          /***************************************************************************************************
    248           * @fn      HalUARTPoll
    249           *
    250           * @brief   Poll the UART.
    251           *
    252           * @param   none
    253           *
    254           * @return  none
    255           *****************************************************************************/

   \                                 In  segment BANKED_CODE, align 1, keep-with-next
    256          void HalUARTPoll(void)
   \                     HalUARTPoll:
    257          {
   \   000000   C082         PUSH    DPL
   \   000002   C083         PUSH    DPH
   \   000004                ; Saved register size: 2
   \   000004                ; Auto size: 0
    258          #if HAL_UART_DMA
    259            HalUARTPollDMA();
   \   000004                ; Setup parameters for call to function HalUARTPollDMA
   \   000004   12....       LCALL   ??HalUARTPollDMA?relay
    260          #endif
    261          #if HAL_UART_ISR
    262            HalUARTPollISR();
    263          #endif
    264          }
   \   000007   D083         POP     DPH
   \   000009   D082         POP     DPL
   \   00000B   02....       LJMP    ?BRET
    265          
    266          /**************************************************************************************************
    267           * @fn      Hal_UART_RxBufLen()
    268           *
    269           * @brief   Calculate Rx Buffer length - the number of bytes in the buffer.
    270           *
    271           * @param   port - UART port
    272           *
    273           * @return  length of current Rx Buffer
    274           **************************************************************************************************/

   \                                 In  segment BANKED_CODE, align 1, keep-with-next
    275          uint16 Hal_UART_RxBufLen( uint8 port )
   \                     Hal_UART_RxBufLen:
    276          {
   \   000000   74F7         MOV     A,#-0x9
   \   000002   12....       LCALL   ?BANKED_ENTER_XDATA
   \   000005                ; Saved register size: 9
   \   000005                ; Auto size: 0
   \   000005   E9           MOV     A,R1
    277          #if (HAL_UART_DMA == 1)
    278            if (port == HAL_UART_PORT_0)  return HalUARTRxAvailDMA();
   \   000006   7005         JNZ     ??Hal_UART_RxBufLen_0
   \   000008                ; Setup parameters for call to function HalUARTRxAvailDMA
   \   000008   12....       LCALL   ??HalUARTRxAvailDMA?relay
   \   00000B   8004         SJMP    ??Hal_UART_RxBufLen_1
    279          #endif
    280          #if (HAL_UART_DMA == 2)
    281            if (port == HAL_UART_PORT_1)  return HalUARTRxAvailDMA();
    282          #endif
    283          #if (HAL_UART_ISR == 1)
    284            if (port == HAL_UART_PORT_0)  return HalUARTRxAvailISR();
    285          #endif
    286          #if (HAL_UART_ISR == 2)
    287            if (port == HAL_UART_PORT_1)  return HalUARTRxAvailISR();
    288          #endif
    289          
    290          #if (HAL_UART_DMA == 0) && (HAL_UART_ISR == 0)
    291            // UART is not enabled. Do nothing.
    292            // Unused argument
    293            (void) port;
    294          #endif
    295            return 0;
   \                     ??Hal_UART_RxBufLen_0:
   \   00000D   7A00         MOV     R2,#0x0
   \   00000F   7B00         MOV     R3,#0x0
   \                     ??Hal_UART_RxBufLen_1:
   \   000011   7F01         MOV     R7,#0x1
   \   000013   02....       LJMP    ?BANKED_LEAVE_XDATA
    296          }

   \                                 In  segment BANK_RELAYS, align 1
   \                     ??findTail?relay:
   \   000000   12....       LCALL   ?BDISPATCH
   \   000003   ......       DC24    findTail

   \                                 In  segment BANK_RELAYS, align 1
   \                     ??HalUARTInitDMA?relay:
   \   000000   12....       LCALL   ?BDISPATCH
   \   000003   ......       DC24    HalUARTInitDMA

   \                                 In  segment BANK_RELAYS, align 1
   \                     ??HalUARTOpenDMA?relay:
   \   000000   12....       LCALL   ?BDISPATCH
   \   000003   ......       DC24    HalUARTOpenDMA

   \                                 In  segment BANK_RELAYS, align 1
   \                     ??HalUARTReadDMA?relay:
   \   000000   12....       LCALL   ?BDISPATCH
   \   000003   ......       DC24    HalUARTReadDMA

   \                                 In  segment BANK_RELAYS, align 1
   \                     ??HalUARTWriteDMA?relay:
   \   000000   12....       LCALL   ?BDISPATCH
   \   000003   ......       DC24    HalUARTWriteDMA

   \                                 In  segment BANK_RELAYS, align 1
   \                     ??HalUARTPollDMA?relay:
   \   000000   12....       LCALL   ?BDISPATCH
   \   000003   ......       DC24    HalUARTPollDMA

   \                                 In  segment BANK_RELAYS, align 1
   \                     ??HalUARTRxAvailDMA?relay:
   \   000000   12....       LCALL   ?BDISPATCH
   \   000003   ......       DC24    HalUARTRxAvailDMA

   \                                 In  segment BANK_RELAYS, align 1
   \                     ??HalUARTSuspendDMA?relay:
   \   000000   12....       LCALL   ?BDISPATCH
   \   000003   ......       DC24    HalUARTSuspendDMA

   \                                 In  segment BANK_RELAYS, align 1
   \                     ??HalUARTResumeDMA?relay:
   \   000000   12....       LCALL   ?BDISPATCH
   \   000003   ......       DC24    HalUARTResumeDMA

   \                                 In  segment BANK_RELAYS, align 1
   \                     ??HalUARTIsrDMA?relay:
   \   000000   12....       LCALL   ?BDISPATCH
   \   000003   ......       DC24    HalUARTIsrDMA

   \                                 In  segment BANK_RELAYS, align 1
   \                     ??HalUARTInit?relay:
   \   000000   12....       LCALL   ?BDISPATCH
   \   000003   ......       DC24    HalUARTInit

   \                                 In  segment BANK_RELAYS, align 1
   \                     ??HalUARTOpen?relay:
   \   000000   12....       LCALL   ?BDISPATCH
   \   000003   ......       DC24    HalUARTOpen

   \                                 In  segment BANK_RELAYS, align 1
   \                     ??HalUARTRead?relay:
   \   000000   12....       LCALL   ?BDISPATCH
   \   000003   ......       DC24    HalUARTRead

   \                                 In  segment BANK_RELAYS, align 1
   \                     ??HalUARTWrite?relay:
   \   000000   12....       LCALL   ?BDISPATCH
   \   000003   ......       DC24    HalUARTWrite

   \                                 In  segment BANK_RELAYS, align 1
   \                     ??HalUARTSuspend?relay:
   \   000000   12....       LCALL   ?BDISPATCH
   \   000003   ......       DC24    HalUARTSuspend

   \                                 In  segment BANK_RELAYS, align 1
   \                     ??HalUARTResume?relay:
   \   000000   12....       LCALL   ?BDISPATCH
   \   000003   ......       DC24    HalUARTResume

   \                                 In  segment BANK_RELAYS, align 1
   \                     ??HalUARTPoll?relay:
   \   000000   12....       LCALL   ?BDISPATCH
   \   000003   ......       DC24    HalUARTPoll

   \                                 In  segment BANK_RELAYS, align 1
   \                     ??Hal_UART_RxBufLen?relay:
   \   000000   12....       LCALL   ?BDISPATCH
   \   000003   ......       DC24    Hal_UART_RxBufLen
    297          
    298          /******************************************************************************
    299          ******************************************************************************/

   Maximum stack usage in bytes:

     Function               ISTACK PSTACK XSTACK
     --------               ------ ------ ------
     HalUARTInit                2      0      0
       -> HalUARTInitDMA        4      0      0
     HalUARTInitDMA             2      0      0
     HalUARTIsrDMA              2      0      0
     HalUARTOpen                0      0      9
       -> HalUARTOpenDMA        0      0     18
     HalUARTOpenDMA             2      0      9
       -> osal_memset           4      0      0
     HalUARTPoll                2      0      0
       -> HalUARTPollDMA        4      0      0
     HalUARTPollDMA             0      0     10
       -> findTail              0      0     20
       -> HalUARTRxAvailDMA     0      0     20
     HalUARTRead                0      0      9
       -> HalUARTReadDMA        0      0     18
     HalUARTReadDMA             1      0     19
     HalUARTResume              2      0      0
       -> HalUARTResumeDMA      4      0      0
     HalUARTResumeDMA           0      0      0
     HalUARTRxAvailDMA          2      0     10
     HalUARTSuspend             2      0      0
       -> HalUARTSuspendDMA     4      0      0
     HalUARTSuspendDMA          0      0      0
     HalUARTWrite               0      0      9
       -> HalUARTWriteDMA       0      0     18
     HalUARTWriteDMA            1      0     25
     Hal_UART_RxBufLen          0      0      9
       -> HalUARTRxAvailDMA     0      0     18
     findTail                   2      0     10


   Segment part sizes:

     Function/Label            Bytes
     --------------            -----
     _A_P0                        1
     U0CSR                        1
     ST0                          1
     _A_IEN0                      1
     U0DBUF                       1
     U0BAUD                       1
     U0UCR                        1
     U0GCR                        1
     DMAIRQ                       1
     DMAARM                       1
     DMAREQ                       1
     PERCFG                       1
     ADCCFG                       1
     P0SEL                        1
     P0DIR                        1
     P2DIR                        1
     dmaCfg                     526
     findTail                    74
     HalUARTInitDMA             114
     HalUARTOpenDMA             191
     HalUARTReadDMA             123
     HalUARTWriteDMA            344
     HalUARTPollDMA             367
     HalUARTRxAvailDMA           99
     HalUARTSuspendDMA            6
     HalUARTResumeDMA             9
     HalUARTIsrDMA               74
     HalUARTInit                 14
     HalUARTOpen                 18
     HalUARTRead                 22
     HalUARTWrite                22
     HalUARTSuspend              14
     HalUARTResume               14
     HalUARTPoll                 14
     Hal_UART_RxBufLen           22
     ??findTail?relay             6
     ??HalUARTInitDMA?relay       6
     ??HalUARTOpenDMA?relay       6
     ??HalUARTReadDMA?relay       6
     ??HalUARTWriteDMA?relay      6
     ??HalUARTPollDMA?relay       6
     ??HalUARTRxAvailDMA?relay    6
     ??HalUARTSuspendDMA?relay    6
     ??HalUARTResumeDMA?relay     6
     ??HalUARTIsrDMA?relay        6
     ??HalUARTInit?relay          6
     ??HalUARTOpen?relay          6
     ??HalUARTRead?relay          6
     ??HalUARTWrite?relay         6
     ??HalUARTSuspend?relay       6
     ??HalUARTResume?relay        6
     ??HalUARTPoll?relay          6
     ??Hal_UART_RxBufLen?relay    6

 
 1 541 bytes in segment BANKED_CODE
   108 bytes in segment BANK_RELAYS
    16 bytes in segment SFR_AN
   526 bytes in segment XDATA_Z
 
 1 649 bytes of CODE  memory
     0 bytes of DATA  memory (+ 16 bytes shared)
   526 bytes of XDATA memory

Errors: none
Warnings: 1
